11:32:02.367 INFO - Launching a standalone Selenium Server
Setting system property webdriver.chrome.driver to ./node_modules/.bin/chromedriver
Setting system property webdriver.ie.driver to ./node_modules/dalek-browser-ie/lib/bin/IEDriverServer.exe
11:32:02.409 INFO - Java: Oracle Corporation 24.79-b02
11:32:02.409 INFO - OS: Mac OS X 10.11.3 x86_64
11:32:02.421 INFO - v2.49.0, with Core v2.49.0. Built from revision 365eeb4
11:32:02.499 INFO - Driver provider org.openqa.selenium.ie.InternetExplorerDriver registration is skipped:
registration capabilities Capabilities [{platform=WINDOWS, ensureCleanSession=true, browserName=internet explorer, version=}] does not match the current platform MAC
11:32:02.500 INFO - Driver provider org.openqa.selenium.edge.EdgeDriver registration is skipped:
registration capabilities Capabilities [{platform=WINDOWS, browserName=MicrosoftEdge, version=}] does not match the current platform MAC
11:32:02.500 INFO - Driver class not found: com.opera.core.systems.OperaDriver
11:32:02.500 INFO - Driver provider com.opera.core.systems.OperaDriver is not registered
11:32:02.568 INFO - RemoteWebDriver instances should connect to: http://127.0.0.1:4444/wd/hub
11:32:02.568 INFO - Selenium Server is up and running
11:32:02.912 INFO - Executing: [new session: Capabilities [{platform=ANY, acceptSslCerts=true, javascriptEnabled=true, browserName=chrome, name=Links}]])
11:32:02.922 INFO - Creating a new session for Capabilities [{platform=ANY, acceptSslCerts=true, javascriptEnabled=true, browserName=chrome, name=Links}]
Starting ChromeDriver 2.16.333243 (0bfa1d3575fc1044244f21ddb82bf870944ef961) on port 32116
Only local connections are allowed.
11:32:04.131 INFO - Done: [new session: Capabilities [{platform=ANY, acceptSslCerts=true, javascriptEnabled=true, browserName=chrome, name=Links}]]
11:32:04.152 INFO - Executing: [get: http://staging.prpl.rs])
11:32:08.217 INFO - Done: [get: http://staging.prpl.rs]
11:32:08.232 INFO - Executing: [find elements: By.cssSelector: body])
11:32:08.300 INFO - Done: [find elements: By.cssSelector: body]
11:32:08.305 INFO - Executing: [is displayed: 0 [[ChromeDriver: chrome on MAC (af2bb46e6a5d21d9f4d5a4641aea7d01)] -> css selector: body]])
11:32:08.352 INFO - Done: [is displayed: 0 [[ChromeDriver: chrome on MAC (af2bb46e6a5d21d9f4d5a4641aea7d01)] -> css selector: body]]
11:32:08.371 INFO - Executing: [find element: By.cssSelector: a.hamburger])
11:32:08.484 INFO - Done: [find element: By.cssSelector: a.hamburger]
11:32:08.500 INFO - Executing: [click: 1 [[ChromeDriver: chrome on MAC (af2bb46e6a5d21d9f4d5a4641aea7d01)] -> css selector: a.hamburger]])
11:32:10.237 WARN - Exception thrown
org.openqa.selenium.WebDriverException: unknown error: Element is not clickable at point (40, 35). Other element would receive the click: <div id="site-loader" style="-webkit-transition: all 0.6s linear 0.1s; -moz-transition: all 0.6s linear 0.1s; -o-transition: all 0.6s linear 0.1s; -ms-transition: all 0.6s linear 0.1s; transition: all 0.6s linear 0.1s; z-index: 1000; background: #1a1a1a; position: absolute; left: 0; bottom: 0; width: 100%; height: 100%;
        overflow: hidden;">...</div>
  (Session info: chrome=49.0.2623.87)
  (Driver info: chromedriver=2.16.333243 (0bfa1d3575fc1044244f21ddb82bf870944ef961),platform=Mac OS X 10.11.3 x86_64) (WARNING: The server did not provide any stacktrace information)
Command duration or timeout: 201 milliseconds
Build info: version: '2.49.0', revision: '365eeb4', time: '2016-01-13 18:37:00'
System info: host: 'donald-page-2.local', ip: '10.1.3.68', os.name: 'Mac OS X', os.arch: 'x86_64', os.version: '10.11.3', java.version: '1.7.0_79'
Session ID: af2bb46e6a5d21d9f4d5a4641aea7d01
Driver info: org.openqa.selenium.chrome.ChromeDriver
Capabilities [{platform=MAC, acceptSslCerts=true, javascriptEnabled=true, browserName=chrome, chrome={userDataDir=/var/folders/x8/gb_77pxn28l20jmcg91y3l4m000112/T/.org.chromium.Chromium.UuO4Xe}, rotatable=false, locationContextEnabled=true, mobileEmulationEnabled=false, version=49.0.2623.87, takesHeapSnapshot=true, cssSelectorsEnabled=true, databaseEnabled=false, handlesAlerts=true, browserConnectionEnabled=false, webStorageEnabled=true, nativeEvents=true, hasTouchScreen=false, applicationCacheEnabled=false, takesScreenshot=true}]
	at sun.reflect.NativeConstructorAccessorImpl.newInstance0(Native Method)
	at sun.reflect.NativeConstructorAccessorImpl.newInstance(NativeConstructorAccessorImpl.java:57)
	at sun.reflect.DelegatingConstructorAccessorImpl.newInstance(DelegatingConstructorAccessorImpl.java:45)
	at java.lang.reflect.Constructor.newInstance(Constructor.java:526)
	at org.openqa.selenium.remote.ErrorHandler.createThrowable(ErrorHandler.java:206)
	at org.openqa.selenium.remote.ErrorHandler.throwIfResponseFailed(ErrorHandler.java:158)
	at org.openqa.selenium.remote.RemoteWebDriver.execute(RemoteWebDriver.java:678)
	at org.openqa.selenium.remote.RemoteWebElement.execute(RemoteWebElement.java:327)
	at org.openqa.selenium.remote.RemoteWebElement.click(RemoteWebElement.java:85)
	at sun.reflect.NativeMethodAccessorImpl.invoke0(Native Method)
	at sun.reflect.NativeMethodAccessorImpl.invoke(NativeMethodAccessorImpl.java:57)
	at sun.reflect.DelegatingMethodAccessorImpl.invoke(DelegatingMethodAccessorImpl.java:43)
	at java.lang.reflect.Method.invoke(Method.java:606)
	at org.openqa.selenium.support.events.EventFiringWebDriver$EventFiringWebElement$1.invoke(EventFiringWebDriver.java:335)
	at com.sun.proxy.$Proxy2.click(Unknown Source)
	at org.openqa.selenium.support.events.EventFiringWebDriver$EventFiringWebElement.click(EventFiringWebDriver.java:348)
	at sun.reflect.NativeMethodAccessorImpl.invoke0(Native Method)
	at sun.reflect.NativeMethodAccessorImpl.invoke(NativeMethodAccessorImpl.java:57)
	at sun.reflect.DelegatingMethodAccessorImpl.invoke(DelegatingMethodAccessorImpl.java:43)
	at java.lang.reflect.Method.invoke(Method.java:606)
	at org.openqa.selenium.remote.server.KnownElements$1.invoke(KnownElements.java:64)
	at com.sun.proxy.$Proxy3.click(Unknown Source)
	at org.openqa.selenium.remote.server.handler.ClickElement.call(ClickElement.java:30)
	at org.openqa.selenium.remote.server.handler.ClickElement.call(ClickElement.java:1)
	at java.util.concurrent.FutureTask.run(FutureTask.java:262)
	at org.openqa.selenium.remote.server.DefaultSession$1.run(DefaultSession.java:176)
	at java.util.concurrent.ThreadPoolExecutor.runWorker(ThreadPoolExecutor.java:1145)
	at java.util.concurrent.ThreadPoolExecutor$Worker.run(ThreadPoolExecutor.java:615)
	at java.lang.Thread.run(Thread.java:745)
11:32:10.247 WARN - Exception: unknown error: Element is not clickable at point (40, 35). Other element would receive the click: <div id="site-loader" style="-webkit-transition: all 0.6s linear 0.1s; -moz-transition: all 0.6s linear 0.1s; -o-transition: all 0.6s linear 0.1s; -ms-transition: all 0.6s linear 0.1s; transition: all 0.6s linear 0.1s; z-index: 1000; background: #1a1a1a; position: absolute; left: 0; bottom: 0; width: 100%; height: 100%;
        overflow: hidden;">...</div>
  (Session info: chrome=49.0.2623.87)
  (Driver info: chromedriver=2.16.333243 (0bfa1d3575fc1044244f21ddb82bf870944ef961),platform=Mac OS X 10.11.3 x86_64) (WARNING: The server did not provide any stacktrace information)
Command duration or timeout: 201 milliseconds
Build info: version: '2.49.0', revision: '365eeb4', time: '2016-01-13 18:37:00'
System info: host: 'donald-page-2.local', ip: '10.1.3.68', os.name: 'Mac OS X', os.arch: 'x86_64', os.version: '10.11.3', java.version: '1.7.0_79'
Session ID: af2bb46e6a5d21d9f4d5a4641aea7d01
Driver info: org.openqa.selenium.chrome.ChromeDriver
Capabilities [{platform=MAC, acceptSslCerts=true, javascriptEnabled=true, browserName=chrome, chrome={userDataDir=/var/folders/x8/gb_77pxn28l20jmcg91y3l4m000112/T/.org.chromium.Chromium.UuO4Xe}, rotatable=false, locationContextEnabled=true, mobileEmulationEnabled=false, version=49.0.2623.87, takesHeapSnapshot=true, cssSelectorsEnabled=true, databaseEnabled=false, handlesAlerts=true, browserConnectionEnabled=false, webStorageEnabled=true, nativeEvents=true, hasTouchScreen=false, applicationCacheEnabled=false, takesScreenshot=true}]
11:32:11.597 INFO - Executing: [find element: By.cssSelector: div.nav-menu])
11:32:11.617 INFO - Done: [find element: By.cssSelector: div.nav-menu]
11:32:11.621 INFO - Executing: [is displayed: 2 [[ChromeDriver: chrome on MAC (af2bb46e6a5d21d9f4d5a4641aea7d01)] -> css selector: div.nav-menu]])
11:32:11.635 INFO - Done: [is displayed: 2 [[ChromeDriver: chrome on MAC (af2bb46e6a5d21d9f4d5a4641aea7d01)] -> css selector: div.nav-menu]]
11:32:11.642 INFO - Executing: [delete session: 0eec660e-1dd5-47a7-a2f4-21a2510dc2ea])
11:32:11.747 INFO - Done: [delete session: 0eec660e-1dd5-47a7-a2f4-21a2510dc2ea]
